2024-10-21 10:13:33,857 [Worker-6: Loading available Gradle versions] INFO  o.e.b.c.i.u.g.PublishedGradleVersions - Gradle version information cache is up-to-date. Trying to read.
2024-10-21 10:15:33,790 [Worker-6: Launching GenerateBddDsl.mwe2] INFO  o.e.m.c.i.l.LifecycleMappingFactory - Using DEFAULT lifecycle mapping for MavenProject: dk.sdu.bdd.xtext:dk.sdu.bdd.xtext:1.0.0-SNAPSHOT @ C:\Users\ansil\eclipse-workspace\Github_projects\WebBasedBDD\WebBasedSolution_GIT\dk.sdu.bdd.xtext.parent\dk.sdu.bdd.xtext\pom.xml.
2024-10-21 10:15:35,231 [Worker-6: Launching GenerateBddDsl.mwe2] INFO  o.e.m.c.i.embedder.EclipseLogger - Using 'UTF-8' encoding to copy filtered resources.
2024-10-21 10:15:35,231 [Worker-6: Launching GenerateBddDsl.mwe2] INFO  o.e.m.c.i.embedder.EclipseLogger - skip non existing resourceDirectory C:\Users\ansil\eclipse-workspace\Github_projects\WebBasedBDD\WebBasedSolution_GIT\dk.sdu.bdd.xtext.parent\dk.sdu.bdd.xtext\src\main\resources
2024-10-21 10:15:35,239 [Worker-6: Launching GenerateBddDsl.mwe2] INFO  o.e.m.c.i.embedder.EclipseLogger - Using 'UTF-8' encoding to copy filtered resources.
2024-10-21 10:15:35,239 [Worker-6: Launching GenerateBddDsl.mwe2] INFO  o.e.m.c.i.embedder.EclipseLogger - skip non existing resourceDirectory C:\Users\ansil\eclipse-workspace\Github_projects\WebBasedBDD\WebBasedSolution_GIT\dk.sdu.bdd.xtext.parent\dk.sdu.bdd.xtext\src\test\resources
2024-10-21 10:21:25,623 [Worker-50: Building] INFO  o.e.m.c.i.embedder.EclipseLogger - Using 'UTF-8' encoding to copy filtered resources.
2024-10-21 10:21:25,625 [Worker-50: Building] INFO  o.e.m.c.i.embedder.EclipseLogger - skip non existing resourceDirectory C:\Users\ansil\eclipse-workspace\Github_projects\WebBasedBDD\WebBasedSolution_GIT\dk.sdu.bdd.xtext.parent\dk.sdu.bdd.xtext\src\main\resources
2024-10-21 10:21:25,635 [Worker-50: Building] INFO  o.e.m.c.i.embedder.EclipseLogger - Using 'UTF-8' encoding to copy filtered resources.
2024-10-21 10:21:25,635 [Worker-50: Building] INFO  o.e.m.c.i.embedder.EclipseLogger - skip non existing resourceDirectory C:\Users\ansil\eclipse-workspace\Github_projects\WebBasedBDD\WebBasedSolution_GIT\dk.sdu.bdd.xtext.parent\dk.sdu.bdd.xtext\src\test\resources
2024-10-21 10:21:26,114 [Worker-50: Building] INFO  o.e.m.c.i.l.LifecycleMappingFactory - Using DEFAULT lifecycle mapping for MavenProject: dk.sdu.bdd.xtext:dk.sdu.bdd.xtext.ide:1.0.0-SNAPSHOT @ C:\Users\ansil\eclipse-workspace\Github_projects\WebBasedBDD\WebBasedSolution_GIT\dk.sdu.bdd.xtext.parent\dk.sdu.bdd.xtext.ide\pom.xml.
2024-10-21 10:21:26,671 [Worker-50: Building] INFO  o.e.m.c.i.embedder.EclipseLogger - Using 'UTF-8' encoding to copy filtered resources.
2024-10-21 10:21:26,671 [Worker-50: Building] INFO  o.e.m.c.i.embedder.EclipseLogger - skip non existing resourceDirectory C:\Users\ansil\eclipse-workspace\Github_projects\WebBasedBDD\WebBasedSolution_GIT\dk.sdu.bdd.xtext.parent\dk.sdu.bdd.xtext.ide\src\main\resources
2024-10-21 10:21:26,672 [Worker-50: Building] INFO  o.e.m.c.i.embedder.EclipseLogger - Using 'UTF-8' encoding to copy filtered resources.
2024-10-21 10:21:26,673 [Worker-50: Building] INFO  o.e.m.c.i.embedder.EclipseLogger - skip non existing resourceDirectory C:\Users\ansil\eclipse-workspace\Github_projects\WebBasedBDD\WebBasedSolution_GIT\dk.sdu.bdd.xtext.parent\dk.sdu.bdd.xtext.ide\src\test\resources
2024-10-21 10:21:27,704 [Worker-50: Building] INFO  o.e.m.c.i.embedder.EclipseLogger - Using 'UTF-8' encoding to copy filtered resources.
2024-10-21 10:21:27,704 [Worker-50: Building] INFO  o.e.m.c.i.embedder.EclipseLogger - skip non existing resourceDirectory C:\Users\ansil\eclipse-workspace\Github_projects\WebBasedBDD\WebBasedSolution_GIT\dk.sdu.bdd.xtext.parent\dk.sdu.bdd.xtext.ide\src\main\resources
2024-10-21 10:21:27,707 [Worker-50: Building] INFO  o.e.m.c.i.embedder.EclipseLogger - Using 'UTF-8' encoding to copy filtered resources.
2024-10-21 10:21:27,707 [Worker-50: Building] INFO  o.e.m.c.i.embedder.EclipseLogger - skip non existing resourceDirectory C:\Users\ansil\eclipse-workspace\Github_projects\WebBasedBDD\WebBasedSolution_GIT\dk.sdu.bdd.xtext.parent\dk.sdu.bdd.xtext.ide\src\test\resources
2024-10-21 10:21:28,089 [Worker-50: Building] INFO  o.e.m.c.i.l.LifecycleMappingFactory - Using DEFAULT lifecycle mapping for MavenProject: dk.sdu.bdd.xtext:dk.sdu.bdd.xtext.tests:1.0.0-SNAPSHOT @ C:\Users\ansil\eclipse-workspace\Github_projects\WebBasedBDD\WebBasedSolution_GIT\dk.sdu.bdd.xtext.parent\dk.sdu.bdd.xtext.tests\pom.xml.
2024-10-21 10:21:28,104 [Worker-50: Building] INFO  o.e.m.c.i.embedder.EclipseLogger - Using 'UTF-8' encoding to copy filtered resources.
2024-10-21 10:21:28,104 [Worker-50: Building] INFO  o.e.m.c.i.embedder.EclipseLogger - skip non existing resourceDirectory C:\Users\ansil\eclipse-workspace\Github_projects\WebBasedBDD\WebBasedSolution_GIT\dk.sdu.bdd.xtext.parent\dk.sdu.bdd.xtext.tests\src\main\resources
2024-10-21 10:21:28,106 [Worker-50: Building] INFO  o.e.m.c.i.embedder.EclipseLogger - Using 'UTF-8' encoding to copy filtered resources.
2024-10-21 10:21:28,107 [Worker-50: Building] INFO  o.e.m.c.i.embedder.EclipseLogger - skip non existing resourceDirectory C:\Users\ansil\eclipse-workspace\Github_projects\WebBasedBDD\WebBasedSolution_GIT\dk.sdu.bdd.xtext.parent\dk.sdu.bdd.xtext.tests\src\test\resources
2024-10-21 10:21:28,817 [Worker-50: Building] INFO  o.e.m.c.i.embedder.EclipseLogger - Using 'UTF-8' encoding to copy filtered resources.
2024-10-21 10:21:28,817 [Worker-50: Building] INFO  o.e.m.c.i.embedder.EclipseLogger - skip non existing resourceDirectory C:\Users\ansil\eclipse-workspace\Github_projects\WebBasedBDD\WebBasedSolution_GIT\dk.sdu.bdd.xtext.parent\dk.sdu.bdd.xtext.tests\src\main\resources
2024-10-21 10:21:28,820 [Worker-50: Building] INFO  o.e.m.c.i.embedder.EclipseLogger - Using 'UTF-8' encoding to copy filtered resources.
2024-10-21 10:21:28,820 [Worker-50: Building] INFO  o.e.m.c.i.embedder.EclipseLogger - skip non existing resourceDirectory C:\Users\ansil\eclipse-workspace\Github_projects\WebBasedBDD\WebBasedSolution_GIT\dk.sdu.bdd.xtext.parent\dk.sdu.bdd.xtext.tests\src\test\resources
2024-10-21 10:21:28,960 [Worker-50: Building] INFO  o.e.m.c.i.l.LifecycleMappingFactory - Using DEFAULT lifecycle mapping for MavenProject: dk.sdu.bdd.xtext:dk.sdu.bdd.xtext.ui:1.0.0-SNAPSHOT @ C:\Users\ansil\eclipse-workspace\Github_projects\WebBasedBDD\WebBasedSolution_GIT\dk.sdu.bdd.xtext.parent\dk.sdu.bdd.xtext.ui\pom.xml.
2024-10-21 10:21:28,973 [Worker-50: Building] INFO  o.e.m.c.i.embedder.EclipseLogger - Using 'UTF-8' encoding to copy filtered resources.
2024-10-21 10:21:28,973 [Worker-50: Building] INFO  o.e.m.c.i.embedder.EclipseLogger - skip non existing resourceDirectory C:\Users\ansil\eclipse-workspace\Github_projects\WebBasedBDD\WebBasedSolution_GIT\dk.sdu.bdd.xtext.parent\dk.sdu.bdd.xtext.ui\src\main\resources
2024-10-21 10:21:28,976 [Worker-50: Building] INFO  o.e.m.c.i.embedder.EclipseLogger - Using 'UTF-8' encoding to copy filtered resources.
2024-10-21 10:21:28,976 [Worker-50: Building] INFO  o.e.m.c.i.embedder.EclipseLogger - skip non existing resourceDirectory C:\Users\ansil\eclipse-workspace\Github_projects\WebBasedBDD\WebBasedSolution_GIT\dk.sdu.bdd.xtext.parent\dk.sdu.bdd.xtext.ui\src\test\resources
2024-10-21 10:21:31,310 [Worker-50: Building] INFO  o.e.m.c.i.embedder.EclipseLogger - Using 'UTF-8' encoding to copy filtered resources.
2024-10-21 10:21:31,310 [Worker-50: Building] INFO  o.e.m.c.i.embedder.EclipseLogger - skip non existing resourceDirectory C:\Users\ansil\eclipse-workspace\Github_projects\WebBasedBDD\WebBasedSolution_GIT\dk.sdu.bdd.xtext.parent\dk.sdu.bdd.xtext.ui\src\main\resources
2024-10-21 10:21:31,313 [Worker-50: Building] INFO  o.e.m.c.i.embedder.EclipseLogger - Using 'UTF-8' encoding to copy filtered resources.
2024-10-21 10:21:31,315 [Worker-50: Building] INFO  o.e.m.c.i.embedder.EclipseLogger - skip non existing resourceDirectory C:\Users\ansil\eclipse-workspace\Github_projects\WebBasedBDD\WebBasedSolution_GIT\dk.sdu.bdd.xtext.parent\dk.sdu.bdd.xtext.ui\src\test\resources
2024-10-21 10:21:31,422 [Worker-50: Building] INFO  o.e.m.c.i.l.LifecycleMappingFactory - Using DEFAULT lifecycle mapping for MavenProject: dk.sdu.bdd.xtext:dk.sdu.bdd.xtext.ui.tests:1.0.0-SNAPSHOT @ C:\Users\ansil\eclipse-workspace\Github_projects\WebBasedBDD\WebBasedSolution_GIT\dk.sdu.bdd.xtext.parent\dk.sdu.bdd.xtext.ui.tests\pom.xml.
2024-10-21 10:21:31,431 [Worker-50: Building] INFO  o.e.m.c.i.embedder.EclipseLogger - Using 'UTF-8' encoding to copy filtered resources.
2024-10-21 10:21:31,431 [Worker-50: Building] INFO  o.e.m.c.i.embedder.EclipseLogger - skip non existing resourceDirectory C:\Users\ansil\eclipse-workspace\Github_projects\WebBasedBDD\WebBasedSolution_GIT\dk.sdu.bdd.xtext.parent\dk.sdu.bdd.xtext.ui.tests\src\main\resources
2024-10-21 10:21:31,432 [Worker-50: Building] INFO  o.e.m.c.i.embedder.EclipseLogger - Using 'UTF-8' encoding to copy filtered resources.
2024-10-21 10:21:31,432 [Worker-50: Building] INFO  o.e.m.c.i.embedder.EclipseLogger - skip non existing resourceDirectory C:\Users\ansil\eclipse-workspace\Github_projects\WebBasedBDD\WebBasedSolution_GIT\dk.sdu.bdd.xtext.parent\dk.sdu.bdd.xtext.ui.tests\src\test\resources
2024-10-21 10:21:34,098 [Worker-50: Building] INFO  o.e.m.c.i.l.LifecycleMappingFactory - Using org.eclipse.m2e.jdt.JarLifecycleMapping lifecycle mapping for MavenProject: dk.sdu.bdd.xtext:dk.sdu.bdd.xtext.web:1.0.0-SNAPSHOT @ C:\Users\ansil\eclipse-workspace\Github_projects\WebBasedBDD\WebBasedSolution_GIT\dk.sdu.bdd.xtext.parent\dk.sdu.bdd.xtext.web\pom.xml.
2024-10-21 10:21:35,265 [Worker-50: Building] INFO  o.e.m.c.i.p.WorkspaceClassifierResolverManager - Resolving P/dk.sdu.bdd.text: dk.sdu.bdd.xtext:dk.sdu.bdd.xtext:1.0.0-SNAPSHOT with classifier  to /dk.sdu.bdd.text/target/classes
2024-10-21 10:21:35,265 [Worker-50: Building] INFO  o.e.m.c.i.p.WorkspaceClassifierResolverManager - Resolving P/dk.sdu.bdd.text.ide: dk.sdu.bdd.xtext:dk.sdu.bdd.xtext.ide:1.0.0-SNAPSHOT with classifier  to /dk.sdu.bdd.text.ide/target/classes
2024-10-21 10:21:37,450 [Worker-50: Building] INFO  o.a.m.s.f.DefaultMavenResourcesFiltering - Copying 2 resources from src to target\classes
2024-10-21 10:21:37,462 [Worker-50: Building] INFO  o.a.m.s.f.DefaultMavenResourcesFiltering - skip non existing resourceDirectory C:\Users\ansil\eclipse-workspace\Github_projects\WebBasedBDD\WebBasedSolution_GIT\dk.sdu.bdd.xtext.parent\dk.sdu.bdd.xtext.web\src\test\resources
2024-10-21 10:21:40,973 [Worker-64: Building] INFO  o.a.m.s.f.DefaultMavenResourcesFiltering - Copying 2 resources from src to target\classes
2024-10-21 10:21:40,989 [Worker-64: Building] INFO  o.a.m.s.f.DefaultMavenResourcesFiltering - skip non existing resourceDirectory C:\Users\ansil\eclipse-workspace\Github_projects\WebBasedBDD\WebBasedSolution_GIT\dk.sdu.bdd.xtext.parent\dk.sdu.bdd.xtext.web\src\test\resources
2024-10-21 10:22:29,621 [Worker-64: Launching ServerLauncher] INFO  o.e.m.c.i.p.WorkspaceClassifierResolverManager - Resolving P/dk.sdu.bdd.text: dk.sdu.bdd.xtext:dk.sdu.bdd.xtext:1.0.0-SNAPSHOT with classifier null to /dk.sdu.bdd.text/target/classes
2024-10-21 10:22:29,622 [Worker-64: Launching ServerLauncher] INFO  o.e.m.c.i.p.WorkspaceClassifierResolverManager - Resolving P/dk.sdu.bdd.text.ide: dk.sdu.bdd.xtext:dk.sdu.bdd.xtext.ide:1.0.0-SNAPSHOT with classifier null to /dk.sdu.bdd.text.ide/target/classes
2024-10-21 10:22:29,718 [Worker-64: Launching ServerLauncher] INFO  o.e.m.c.i.p.WorkspaceClassifierResolverManager - Resolving P/dk.sdu.bdd.text: dk.sdu.bdd.xtext:dk.sdu.bdd.xtext:1.0.0-SNAPSHOT with classifier null to /dk.sdu.bdd.text/target/classes
2024-10-21 10:22:29,719 [Worker-64: Launching ServerLauncher] INFO  o.e.m.c.i.p.WorkspaceClassifierResolverManager - Resolving P/dk.sdu.bdd.text.ide: dk.sdu.bdd.xtext:dk.sdu.bdd.xtext.ide:1.0.0-SNAPSHOT with classifier null to /dk.sdu.bdd.text.ide/target/classes
2024-10-21 10:22:29,819 [Worker-64: Launching ServerLauncher] INFO  o.e.m.c.i.p.WorkspaceClassifierResolverManager - Resolving P/dk.sdu.bdd.text: dk.sdu.bdd.xtext:dk.sdu.bdd.xtext:1.0.0-SNAPSHOT with classifier null to /dk.sdu.bdd.text/target/classes
2024-10-21 10:22:29,819 [Worker-64: Launching ServerLauncher] INFO  o.e.m.c.i.p.WorkspaceClassifierResolverManager - Resolving P/dk.sdu.bdd.text.ide: dk.sdu.bdd.xtext:dk.sdu.bdd.xtext.ide:1.0.0-SNAPSHOT with classifier null to /dk.sdu.bdd.text.ide/target/classes
2024-10-21 11:06:02,880 [Worker-7: Loading available Gradle versions] INFO  o.e.b.c.i.u.g.PublishedGradleVersions - Gradle version information cache is up-to-date. Trying to read.
2024-10-21 11:07:53,614 [Worker-31: Launching ServerLauncher] INFO  o.e.m.c.i.p.WorkspaceClassifierResolverManager - Resolving P/dk.sdu.bdd.text: dk.sdu.bdd.xtext:dk.sdu.bdd.xtext:1.0.0-SNAPSHOT with classifier  to /dk.sdu.bdd.text/target/classes
2024-10-21 11:07:53,620 [Worker-31: Launching ServerLauncher] INFO  o.e.m.c.i.p.WorkspaceClassifierResolverManager - Resolving P/dk.sdu.bdd.text.ide: dk.sdu.bdd.xtext:dk.sdu.bdd.xtext.ide:1.0.0-SNAPSHOT with classifier  to /dk.sdu.bdd.text.ide/target/classes
2024-10-21 11:07:53,785 [Worker-31: Launching ServerLauncher] INFO  o.e.m.c.i.p.WorkspaceClassifierResolverManager - Resolving P/dk.sdu.bdd.text: dk.sdu.bdd.xtext:dk.sdu.bdd.xtext:1.0.0-SNAPSHOT with classifier null to /dk.sdu.bdd.text/target/classes
2024-10-21 11:07:53,786 [Worker-31: Launching ServerLauncher] INFO  o.e.m.c.i.p.WorkspaceClassifierResolverManager - Resolving P/dk.sdu.bdd.text.ide: dk.sdu.bdd.xtext:dk.sdu.bdd.xtext.ide:1.0.0-SNAPSHOT with classifier null to /dk.sdu.bdd.text.ide/target/classes
2024-10-21 11:07:53,854 [Worker-31: Launching ServerLauncher] INFO  o.e.m.c.i.p.WorkspaceClassifierResolverManager - Resolving P/dk.sdu.bdd.text: dk.sdu.bdd.xtext:dk.sdu.bdd.xtext:1.0.0-SNAPSHOT with classifier null to /dk.sdu.bdd.text/target/classes
2024-10-21 11:07:53,855 [Worker-31: Launching ServerLauncher] INFO  o.e.m.c.i.p.WorkspaceClassifierResolverManager - Resolving P/dk.sdu.bdd.text.ide: dk.sdu.bdd.xtext:dk.sdu.bdd.xtext.ide:1.0.0-SNAPSHOT with classifier null to /dk.sdu.bdd.text.ide/target/classes
2024-10-21 11:07:53,915 [Worker-31: Launching ServerLauncher] INFO  o.e.m.c.i.p.WorkspaceClassifierResolverManager - Resolving P/dk.sdu.bdd.text: dk.sdu.bdd.xtext:dk.sdu.bdd.xtext:1.0.0-SNAPSHOT with classifier null to /dk.sdu.bdd.text/target/classes
2024-10-21 11:07:53,916 [Worker-31: Launching ServerLauncher] INFO  o.e.m.c.i.p.WorkspaceClassifierResolverManager - Resolving P/dk.sdu.bdd.text.ide: dk.sdu.bdd.xtext:dk.sdu.bdd.xtext.ide:1.0.0-SNAPSHOT with classifier null to /dk.sdu.bdd.text.ide/target/classes
2024-10-22 10:25:01,306 [Worker-2: Loading available Gradle versions] INFO  o.e.b.c.i.u.g.PublishedGradleVersions - Gradle version information cache is out-of-date. Trying to update.
2024-10-22 10:41:48,277 [Worker-7: Loading available Gradle versions] INFO  o.e.b.c.i.u.g.PublishedGradleVersions - Gradle version information cache is up-to-date. Trying to read.
